{"D:\\employee\\src\\App.js": {"path":"D:\\employee\\src\\App.js","statementMap":{"0":{"start":{"line":11,"column":2},"end":{"line":22,"column":4}}},"fnMap":{"0":{"name":"App","decl":{"start":{"line":10,"column":9},"end":{"line":10,"column":12}},"loc":{"start":{"line":10,"column":15},"end":{"line":23,"column":1}},"line":10}},"branchMap":{},"s":{"0":0},"f":{"0":0},"b":{}}
,"D:\\employee\\src\\index.js": {"path":"D:\\employee\\src\\index.js","statementMap":{"0":{"start":{"line":8,"column":13},"end":{"line":8,"column":65}},"1":{"start":{"line":9,"column":0},"end":{"line":15,"column":2}},"2":{"start":{"line":20,"column":0},"end":{"line":20,"column":18}}},"fnMap":{},"branchMap":{},"s":{"0":0,"1":0,"2":0},"f":{},"b":{}}
,"D:\\employee\\src\\reportWebVitals.js": {"path":"D:\\employee\\src\\reportWebVitals.js","statementMap":{"0":{"start":{"line":1,"column":24},"end":{"line":11,"column":1}},"1":{"start":{"line":2,"column":2},"end":{"line":10,"column":3}},"2":{"start":{"line":3,"column":4},"end":{"line":9,"column":7}},"3":{"start":{"line":4,"column":6},"end":{"line":4,"column":26}},"4":{"start":{"line":5,"column":6},"end":{"line":5,"column":26}},"5":{"start":{"line":6,"column":6},"end":{"line":6,"column":26}},"6":{"start":{"line":7,"column":6},"end":{"line":7,"column":26}},"7":{"start":{"line":8,"column":6},"end":{"line":8,"column":27}}},"fnMap":{"0":{"name":"(anonymous_0)","decl":{"start":{"line":1,"column":24},"end":{"line":1,"column":25}},"loc":{"start":{"line":1,"column":39},"end":{"line":11,"column":1}},"line":1},"1":{"name":"(anonymous_1)","decl":{"start":{"line":3,"column":30},"end":{"line":3,"column":31}},"loc":{"start":{"line":3,"column":79},"end":{"line":9,"column":5}},"line":3}},"branchMap":{"0":{"loc":{"start":{"line":2,"column":2},"end":{"line":10,"column":3}},"type":"if","locations":[{"start":{"line":2,"column":2},"end":{"line":10,"column":3}},{"start":{},"end":{}}],"line":2},"1":{"loc":{"start":{"line":2,"column":6},"end":{"line":2,"column":52}},"type":"binary-expr","locations":[{"start":{"line":2,"column":6},"end":{"line":2,"column":17}},{"start":{"line":2,"column":21},"end":{"line":2,"column":52}}],"line":2}},"s":{"0":0,"1":0,"2":0,"3":0,"4":0,"5":0,"6":0,"7":0},"f":{"0":0,"1":0},"b":{"0":[0,0],"1":[0,0]}}
,"D:\\employee\\src\\components\\401Error.jsx": {"path":"D:\\employee\\src\\components\\401Error.jsx","statementMap":{"0":{"start":{"line":1,"column":22},"end":{"line":9,"column":3}},"1":{"start":{"line":2,"column":4},"end":{"line":8,"column":6}}},"fnMap":{"0":{"name":"(anonymous_0)","decl":{"start":{"line":1,"column":22},"end":{"line":1,"column":23}},"loc":{"start":{"line":1,"column":28},"end":{"line":9,"column":3}},"line":1}},"branchMap":{},"s":{"0":3,"1":1},"f":{"0":1},"b":{},"_coverageSchema":"1a1c01bbd47fc00a2c39e90264f33305004495a9","hash":"095a7de44ca271313207fea305937845910f2b70"}
,"D:\\employee\\src\\components\\AddEmployee.jsx": {"path":"D:\\employee\\src\\components\\AddEmployee.jsx","statementMap":{"0":{"start":{"line":7,"column":20},"end":{"line":169,"column":1}},"1":{"start":{"line":8,"column":19},"end":{"line":8,"column":32}},"2":{"start":{"line":9,"column":19},"end":{"line":9,"column":32}},"3":{"start":{"line":10,"column":32},"end":{"line":22,"column":4}},"4":{"start":{"line":24,"column":23},"end":{"line":27,"column":3}},"5":{"start":{"line":25,"column":4},"end":{"line":25,"column":59}},"6":{"start":{"line":25,"column":41},"end":{"line":25,"column":57}},"7":{"start":{"line":26,"column":4},"end":{"line":26,"column":26}},"8":{"start":{"line":29,"column":23},"end":{"line":33,"column":3}},"9":{"start":{"line":30,"column":20},"end":{"line":30,"column":60}},"10":{"start":{"line":31,"column":4},"end":{"line":31,"column":26}},"11":{"start":{"line":32,"column":4},"end":{"line":32,"column":26}},"12":{"start":{"line":34,"column":2},"end":{"line":168,"column":4}},"13":{"start":{"line":38,"column":10},"end":{"line":38,"column":29}},"14":{"start":{"line":39,"column":10},"end":{"line":39,"column":58}},"15":{"start":{"line":49,"column":14},"end":{"line":49,"column":67}},"16":{"start":{"line":60,"column":14},"end":{"line":60,"column":68}},"17":{"start":{"line":71,"column":14},"end":{"line":71,"column":66}},"18":{"start":{"line":82,"column":29},"end":{"line":82,"column":79}},"19":{"start":{"line":90,"column":29},"end":{"line":90,"column":79}},"20":{"start":{"line":101,"column":14},"end":{"line":101,"column":67}},"21":{"start":{"line":112,"column":14},"end":{"line":112,"column":74}},"22":{"start":{"line":122,"column":29},"end":{"line":122,"column":78}},"23":{"start":{"line":131,"column":29},"end":{"line":131,"column":76}},"24":{"start":{"line":140,"column":29},"end":{"line":140,"column":76}},"25":{"start":{"line":150,"column":14},"end":{"line":150,"column":65}},"26":{"start":{"line":161,"column":14},"end":{"line":161,"column":65}}},"fnMap":{"0":{"name":"(anonymous_0)","decl":{"start":{"line":7,"column":20},"end":{"line":7,"column":21}},"loc":{"start":{"line":7,"column":26},"end":{"line":169,"column":1}},"line":7},"1":{"name":"(anonymous_1)","decl":{"start":{"line":24,"column":23},"end":{"line":24,"column":24}},"loc":{"start":{"line":24,"column":29},"end":{"line":27,"column":3}},"line":24},"2":{"name":"(anonymous_2)","decl":{"start":{"line":25,"column":32},"end":{"line":25,"column":33}},"loc":{"start":{"line":25,"column":41},"end":{"line":25,"column":57}},"line":25},"3":{"name":"(anonymous_3)","decl":{"start":{"line":29,"column":23},"end":{"line":29,"column":24}},"loc":{"start":{"line":29,"column":29},"end":{"line":33,"column":3}},"line":29},"4":{"name":"(anonymous_4)","decl":{"start":{"line":37,"column":18},"end":{"line":37,"column":19}},"loc":{"start":{"line":37,"column":25},"end":{"line":40,"column":9}},"line":37},"5":{"name":"(anonymous_5)","decl":{"start":{"line":48,"column":22},"end":{"line":48,"column":23}},"loc":{"start":{"line":49,"column":14},"end":{"line":49,"column":67}},"line":49},"6":{"name":"(anonymous_6)","decl":{"start":{"line":59,"column":22},"end":{"line":59,"column":23}},"loc":{"start":{"line":60,"column":14},"end":{"line":60,"column":68}},"line":60},"7":{"name":"(anonymous_7)","decl":{"start":{"line":70,"column":22},"end":{"line":70,"column":23}},"loc":{"start":{"line":71,"column":14},"end":{"line":71,"column":66}},"line":71},"8":{"name":"(anonymous_8)","decl":{"start":{"line":82,"column":22},"end":{"line":82,"column":23}},"loc":{"start":{"line":82,"column":29},"end":{"line":82,"column":79}},"line":82},"9":{"name":"(anonymous_9)","decl":{"start":{"line":90,"column":22},"end":{"line":90,"column":23}},"loc":{"start":{"line":90,"column":29},"end":{"line":90,"column":79}},"line":90},"10":{"name":"(anonymous_10)","decl":{"start":{"line":100,"column":22},"end":{"line":100,"column":23}},"loc":{"start":{"line":101,"column":14},"end":{"line":101,"column":67}},"line":101},"11":{"name":"(anonymous_11)","decl":{"start":{"line":111,"column":22},"end":{"line":111,"column":23}},"loc":{"start":{"line":112,"column":14},"end":{"line":112,"column":74}},"line":112},"12":{"name":"(anonymous_12)","decl":{"start":{"line":122,"column":22},"end":{"line":122,"column":23}},"loc":{"start":{"line":122,"column":29},"end":{"line":122,"column":78}},"line":122},"13":{"name":"(anonymous_13)","decl":{"start":{"line":131,"column":22},"end":{"line":131,"column":23}},"loc":{"start":{"line":131,"column":29},"end":{"line":131,"column":76}},"line":131},"14":{"name":"(anonymous_14)","decl":{"start":{"line":140,"column":22},"end":{"line":140,"column":23}},"loc":{"start":{"line":140,"column":29},"end":{"line":140,"column":76}},"line":140},"15":{"name":"(anonymous_15)","decl":{"start":{"line":149,"column":22},"end":{"line":149,"column":23}},"loc":{"start":{"line":150,"column":14},"end":{"line":150,"column":65}},"line":150},"16":{"name":"(anonymous_16)","decl":{"start":{"line":160,"column":22},"end":{"line":160,"column":23}},"loc":{"start":{"line":161,"column":14},"end":{"line":161,"column":65}},"line":161}},"branchMap":{"0":{"loc":{"start":{"line":11,"column":15},"end":{"line":11,"column":61}},"type":"cond-expr","locations":[{"start":{"line":11,"column":32},"end":{"line":11,"column":56}},{"start":{"line":11,"column":59},"end":{"line":11,"column":61}}],"line":11},"1":{"loc":{"start":{"line":12,"column":16},"end":{"line":12,"column":63}},"type":"cond-expr","locations":[{"start":{"line":12,"column":33},"end":{"line":12,"column":58}},{"start":{"line":12,"column":61},"end":{"line":12,"column":63}}],"line":12},"2":{"loc":{"start":{"line":13,"column":14},"end":{"line":13,"column":59}},"type":"cond-expr","locations":[{"start":{"line":13,"column":31},"end":{"line":13,"column":54}},{"start":{"line":13,"column":57},"end":{"line":13,"column":59}}],"line":13},"3":{"loc":{"start":{"line":14,"column":12},"end":{"line":14,"column":55}},"type":"cond-expr","locations":[{"start":{"line":14,"column":29},"end":{"line":14,"column":50}},{"start":{"line":14,"column":53},"end":{"line":14,"column":55}}],"line":14},"4":{"loc":{"start":{"line":15,"column":15},"end":{"line":15,"column":61}},"type":"cond-expr","locations":[{"start":{"line":15,"column":32},"end":{"line":15,"column":56}},{"start":{"line":15,"column":59},"end":{"line":15,"column":61}}],"line":15},"5":{"loc":{"start":{"line":16,"column":22},"end":{"line":16,"column":75}},"type":"cond-expr","locations":[{"start":{"line":16,"column":39},"end":{"line":16,"column":70}},{"start":{"line":16,"column":73},"end":{"line":16,"column":75}}],"line":16},"6":{"loc":{"start":{"line":17,"column":11},"end":{"line":17,"column":53}},"type":"cond-expr","locations":[{"start":{"line":17,"column":28},"end":{"line":17,"column":48}},{"start":{"line":17,"column":51},"end":{"line":17,"column":53}}],"line":17},"7":{"loc":{"start":{"line":18,"column":9},"end":{"line":18,"column":49}},"type":"cond-expr","locations":[{"start":{"line":18,"column":26},"end":{"line":18,"column":44}},{"start":{"line":18,"column":47},"end":{"line":18,"column":49}}],"line":18},"8":{"loc":{"start":{"line":19,"column":9},"end":{"line":19,"column":49}},"type":"cond-expr","locations":[{"start":{"line":19,"column":26},"end":{"line":19,"column":44}},{"start":{"line":19,"column":47},"end":{"line":19,"column":49}}],"line":19},"9":{"loc":{"start":{"line":20,"column":13},"end":{"line":20,"column":57}},"type":"cond-expr","locations":[{"start":{"line":20,"column":30},"end":{"line":20,"column":52}},{"start":{"line":20,"column":55},"end":{"line":20,"column":57}}],"line":20},"10":{"loc":{"start":{"line":21,"column":13},"end":{"line":21,"column":57}},"type":"cond-expr","locations":[{"start":{"line":21,"column":30},"end":{"line":21,"column":52}},{"start":{"line":21,"column":55},"end":{"line":21,"column":57}}],"line":21},"11":{"loc":{"start":{"line":39,"column":10},"end":{"line":39,"column":58}},"type":"cond-expr","locations":[{"start":{"line":39,"column":27},"end":{"line":39,"column":41}},{"start":{"line":39,"column":44},"end":{"line":39,"column":58}}],"line":39},"12":{"loc":{"start":{"line":165,"column":36},"end":{"line":165,"column":72}},"type":"cond-expr","locations":[{"start":{"line":165,"column":53},"end":{"line":165,"column":61}},{"start":{"line":165,"column":64},"end":{"line":165,"column":72}}],"line":165}},"s":{"0":1,"1":75,"2":75,"3":75,"4":74,"5":1,"6":0,"7":1,"8":74,"9":0,"10":0,"11":0,"12":74,"13":1,"14":1,"15":7,"16":3,"17":1,"18":0,"19":0,"20":10,"21":10,"22":16,"23":9,"24":0,"25":7,"26":10},"f":{"0":75,"1":1,"2":0,"3":0,"4":1,"5":7,"6":3,"7":1,"8":0,"9":0,"10":10,"11":10,"12":16,"13":9,"14":0,"15":7,"16":10},"b":{"0":[0,75],"1":[0,75],"2":[0,75],"3":[0,75],"4":[0,75],"5":[0,75],"6":[0,75],"7":[0,75],"8":[0,75],"9":[0,75],"10":[0,75],"11":[0,1],"12":[0,74]},"_coverageSchema":"1a1c01bbd47fc00a2c39e90264f33305004495a9","hash":"8501f929dc81126eb43314ed422eb63b74590019"}
,"D:\\employee\\src\\components\\EmployeeDetails.jsx": {"path":"D:\\employee\\src\\components\\EmployeeDetails.jsx","statementMap":{"0":{"start":{"line":12,"column":18},"end":{"line":12,"column":60}},"1":{"start":{"line":13,"column":4},"end":{"line":13,"column":53}},"2":{"start":{"line":13,"column":29},"end":{"line":13,"column":51}},"3":{"start":{"line":14,"column":4},"end":{"line":14,"column":33}},"4":{"start":{"line":17,"column":2},"end":{"line":17,"column":55}},"5":{"start":{"line":21,"column":19},"end":{"line":21,"column":32}},"6":{"start":{"line":23,"column":17},"end":{"line":23,"column":27}},"7":{"start":{"line":24,"column":4},"end":{"line":24,"column":38}},"8":{"start":{"line":25,"column":4},"end":{"line":25,"column":31}},"9":{"start":{"line":28,"column":2},"end":{"line":28,"column":55}},"10":{"start":{"line":31,"column":24},"end":{"line":84,"column":1}},"11":{"start":{"line":32,"column":26},"end":{"line":32,"column":38}},"12":{"start":{"line":33,"column":18},"end":{"line":33,"column":26}},"13":{"start":{"line":34,"column":19},"end":{"line":34,"column":32}},"14":{"start":{"line":36,"column":2},"end":{"line":47,"column":9}},"15":{"start":{"line":37,"column":4},"end":{"line":46,"column":7}},"16":{"start":{"line":38,"column":19},"end":{"line":38,"column":21}},"17":{"start":{"line":39,"column":6},"end":{"line":44,"column":9}},"18":{"start":{"line":40,"column":8},"end":{"line":43,"column":11}},"19":{"start":{"line":45,"column":6},"end":{"line":45,"column":20}},"20":{"start":{"line":49,"column":38},"end":{"line":73,"column":4}},"21":{"start":{"line":75,"column":2},"end":{"line":75,"column":28}},"22":{"start":{"line":76,"column":2},"end":{"line":83,"column":4}},"23":{"start":{"line":78,"column":29},"end":{"line":78,"column":45}}},"fnMap":{"0":{"name":"ButtonRenderer","decl":{"start":{"line":10,"column":9},"end":{"line":10,"column":23}},"loc":{"start":{"line":10,"column":31},"end":{"line":18,"column":1}},"line":10},"1":{"name":"handleClick","decl":{"start":{"line":11,"column":11},"end":{"line":11,"column":22}},"loc":{"start":{"line":11,"column":25},"end":{"line":15,"column":3}},"line":11},"2":{"name":"(anonymous_2)","decl":{"start":{"line":13,"column":23},"end":{"line":13,"column":24}},"loc":{"start":{"line":13,"column":29},"end":{"line":13,"column":51}},"line":13},"3":{"name":"ButtonRenderer1","decl":{"start":{"line":20,"column":9},"end":{"line":20,"column":24}},"loc":{"start":{"line":20,"column":32},"end":{"line":29,"column":1}},"line":20},"4":{"name":"handleClick","decl":{"start":{"line":22,"column":11},"end":{"line":22,"column":22}},"loc":{"start":{"line":22,"column":25},"end":{"line":26,"column":3}},"line":22},"5":{"name":"(anonymous_5)","decl":{"start":{"line":31,"column":24},"end":{"line":31,"column":25}},"loc":{"start":{"line":31,"column":30},"end":{"line":84,"column":1}},"line":31},"6":{"name":"(anonymous_6)","decl":{"start":{"line":36,"column":12},"end":{"line":36,"column":13}},"loc":{"start":{"line":36,"column":18},"end":{"line":47,"column":3}},"line":36},"7":{"name":"(anonymous_7)","decl":{"start":{"line":37,"column":21},"end":{"line":37,"column":22}},"loc":{"start":{"line":37,"column":35},"end":{"line":46,"column":5}},"line":37},"8":{"name":"(anonymous_8)","decl":{"start":{"line":39,"column":23},"end":{"line":39,"column":24}},"loc":{"start":{"line":39,"column":42},"end":{"line":44,"column":7}},"line":39},"9":{"name":"(anonymous_9)","decl":{"start":{"line":78,"column":23},"end":{"line":78,"column":24}},"loc":{"start":{"line":78,"column":29},"end":{"line":78,"column":45}},"line":78}},"branchMap":{},"s":{"0":0,"1":0,"2":0,"3":0,"4":8,"5":8,"6":0,"7":0,"8":0,"9":8,"10":1,"11":5,"12":5,"13":5,"14":5,"15":3,"16":3,"17":3,"18":6,"19":3,"20":5,"21":5,"22":5,"23":0},"f":{"0":8,"1":0,"2":0,"3":8,"4":0,"5":5,"6":3,"7":3,"8":6,"9":0},"b":{},"_coverageSchema":"1a1c01bbd47fc00a2c39e90264f33305004495a9","hash":"cb234f0eec98833fd8cd14bf2e139c789c8f0284"}
,"D:\\employee\\src\\components\\ErrorBoundary.jsx": {"path":"D:\\employee\\src\\components\\ErrorBoundary.jsx","statementMap":{"0":{"start":{"line":6,"column":4},"end":{"line":6,"column":17}},"1":{"start":{"line":7,"column":4},"end":{"line":7,"column":37}},"2":{"start":{"line":11,"column":4},"end":{"line":11,"column":30}},"3":{"start":{"line":14,"column":22},"end":{"line":16,"column":3}},"4":{"start":{"line":15,"column":4},"end":{"line":15,"column":35}},"5":{"start":{"line":19,"column":4},"end":{"line":21,"column":5}},"6":{"start":{"line":20,"column":6},"end":{"line":20,"column":27}},"7":{"start":{"line":22,"column":4},"end":{"line":22,"column":31}}},"fnMap":{"0":{"name":"(anonymous_0)","decl":{"start":{"line":5,"column":2},"end":{"line":5,"column":3}},"loc":{"start":{"line":5,"column":21},"end":{"line":8,"column":3}},"line":5},"1":{"name":"(anonymous_1)","decl":{"start":{"line":10,"column":2},"end":{"line":10,"column":3}},"loc":{"start":{"line":10,"column":41},"end":{"line":12,"column":3}},"line":10},"2":{"name":"(anonymous_2)","decl":{"start":{"line":14,"column":22},"end":{"line":14,"column":23}},"loc":{"start":{"line":14,"column":39},"end":{"line":16,"column":3}},"line":14},"3":{"name":"(anonymous_3)","decl":{"start":{"line":18,"column":2},"end":{"line":18,"column":3}},"loc":{"start":{"line":18,"column":11},"end":{"line":23,"column":3}},"line":18}},"branchMap":{"0":{"loc":{"start":{"line":19,"column":4},"end":{"line":21,"column":5}},"type":"if","locations":[{"start":{"line":19,"column":4},"end":{"line":21,"column":5}},{"start":{},"end":{}}],"line":19}},"s":{"0":4,"1":3,"2":2,"3":3,"4":1,"5":5,"6":2,"7":3},"f":{"0":4,"1":2,"2":1,"3":5},"b":{"0":[2,3]},"_coverageSchema":"1a1c01bbd47fc00a2c39e90264f33305004495a9","hash":"ea595910f03c1011d41d7546dd5252bd5c6bf678"}
,"D:\\employee\\src\\components\\ErrorPage.jsx": {"path":"D:\\employee\\src\\components\\ErrorPage.jsx","statementMap":{"0":{"start":{"line":1,"column":18},"end":{"line":9,"column":1}},"1":{"start":{"line":2,"column":2},"end":{"line":8,"column":4}}},"fnMap":{"0":{"name":"(anonymous_0)","decl":{"start":{"line":1,"column":18},"end":{"line":1,"column":19}},"loc":{"start":{"line":1,"column":24},"end":{"line":9,"column":1}},"line":1}},"branchMap":{},"s":{"0":2,"1":3},"f":{"0":3},"b":{},"_coverageSchema":"1a1c01bbd47fc00a2c39e90264f33305004495a9","hash":"fdb68f266736aec035af1b0a9bcb5223dadc6329"}
,"D:\\employee\\src\\components\\Login.jsx": {"path":"D:\\employee\\src\\components\\Login.jsx","statementMap":{"0":{"start":{"line":11,"column":14},"end":{"line":59,"column":1}},"1":{"start":{"line":12,"column":28},"end":{"line":12,"column":38}},"2":{"start":{"line":13,"column":34},"end":{"line":13,"column":44}},"3":{"start":{"line":14,"column":19},"end":{"line":14,"column":32}},"4":{"start":{"line":16,"column":23},"end":{"line":24,"column":3}},"5":{"start":{"line":17,"column":27},"end":{"line":17,"column":36}},"6":{"start":{"line":18,"column":4},"end":{"line":23,"column":7}},"7":{"start":{"line":19,"column":6},"end":{"line":22,"column":7}},"8":{"start":{"line":20,"column":8},"end":{"line":20,"column":67}},"9":{"start":{"line":21,"column":8},"end":{"line":21,"column":30}},"10":{"start":{"line":26,"column":2},"end":{"line":58,"column":4}},"11":{"start":{"line":34,"column":12},"end":{"line":34,"column":31}},"12":{"start":{"line":35,"column":12},"end":{"line":35,"column":27}},"13":{"start":{"line":44,"column":31},"end":{"line":44,"column":55}},"14":{"start":{"line":51,"column":31},"end":{"line":51,"column":58}}},"fnMap":{"0":{"name":"(anonymous_0)","decl":{"start":{"line":11,"column":14},"end":{"line":11,"column":15}},"loc":{"start":{"line":11,"column":20},"end":{"line":59,"column":1}},"line":11},"1":{"name":"(anonymous_1)","decl":{"start":{"line":16,"column":23},"end":{"line":16,"column":24}},"loc":{"start":{"line":16,"column":29},"end":{"line":24,"column":3}},"line":16},"2":{"name":"(anonymous_2)","decl":{"start":{"line":18,"column":69},"end":{"line":18,"column":70}},"loc":{"start":{"line":18,"column":78},"end":{"line":23,"column":5}},"line":18},"3":{"name":"(anonymous_3)","decl":{"start":{"line":33,"column":20},"end":{"line":33,"column":21}},"loc":{"start":{"line":33,"column":27},"end":{"line":36,"column":11}},"line":33},"4":{"name":"(anonymous_4)","decl":{"start":{"line":44,"column":24},"end":{"line":44,"column":25}},"loc":{"start":{"line":44,"column":31},"end":{"line":44,"column":55}},"line":44},"5":{"name":"(anonymous_5)","decl":{"start":{"line":51,"column":24},"end":{"line":51,"column":25}},"loc":{"start":{"line":51,"column":31},"end":{"line":51,"column":58}},"line":51}},"branchMap":{"0":{"loc":{"start":{"line":19,"column":6},"end":{"line":22,"column":7}},"type":"if","locations":[{"start":{"line":19,"column":6},"end":{"line":22,"column":7}},{"start":{},"end":{}}],"line":19}},"s":{"0":1,"1":0,"2":0,"3":0,"4":0,"5":0,"6":0,"7":0,"8":0,"9":0,"10":0,"11":0,"12":0,"13":0,"14":0},"f":{"0":0,"1":0,"2":0,"3":0,"4":0,"5":0},"b":{"0":[0,0]},"_coverageSchema":"1a1c01bbd47fc00a2c39e90264f33305004495a9","hash":"260731292a36504d096413811a5056ef394a503f"}
,"D:\\employee\\src\\utils\\HOC.js": {"path":"D:\\employee\\src\\utils\\HOC.js","statementMap":{"0":{"start":{"line":3,"column":26},"end":{"line":11,"column":1}},"1":{"start":{"line":4,"column":4},"end":{"line":10,"column":6}},"2":{"start":{"line":5,"column":22},"end":{"line":5,"column":59}},"3":{"start":{"line":9,"column":8},"end":{"line":9,"column":35}}},"fnMap":{"0":{"name":"(anonymous_0)","decl":{"start":{"line":3,"column":26},"end":{"line":3,"column":27}},"loc":{"start":{"line":3,"column":48},"end":{"line":11,"column":1}},"line":3},"1":{"name":"(anonymous_1)","decl":{"start":{"line":4,"column":11},"end":{"line":4,"column":12}},"loc":{"start":{"line":4,"column":16},"end":{"line":10,"column":5}},"line":4}},"branchMap":{},"s":{"0":2,"1":2,"2":5,"3":5},"f":{"0":2,"1":5},"b":{},"_coverageSchema":"1a1c01bbd47fc00a2c39e90264f33305004495a9","hash":"48b1992d4bf97df4d8fe3cee1c0aa4aa72a35c9d"}
,"D:\\employee\\src\\utils\\firebase-config.js": {"path":"D:\\employee\\src\\utils\\firebase-config.js","statementMap":{"0":{"start":{"line":18,"column":23},"end":{"line":35,"column":1}},"1":{"start":{"line":39,"column":12},"end":{"line":39,"column":41}},"2":{"start":{"line":41,"column":18},"end":{"line":41,"column":34}},"3":{"start":{"line":43,"column":23},"end":{"line":43,"column":42}}},"fnMap":{},"branchMap":{},"s":{"0":3,"1":3,"2":3,"3":3},"f":{},"b":{},"_coverageSchema":"1a1c01bbd47fc00a2c39e90264f33305004495a9","hash":"2cec40292533a3ddb62b4c750649416254afda70"}
}
