TN:
SF:src\App.js
FN:10,App
FNF:1
FNH:0
FNDA:0,App
DA:11,0
LF:1
LH:0
BRF:0
BRH:0
end_of_record
TN:
SF:src\index.js
FNF:0
FNH:0
DA:8,0
DA:9,0
DA:20,0
LF:3
LH:0
BRF:0
BRH:0
end_of_record
TN:
SF:src\reportWebVitals.js
FN:1,(anonymous_0)
FN:3,(anonymous_1)
FNF:2
FNH:0
FNDA:0,(anonymous_0)
FNDA:0,(anonymous_1)
DA:1,0
DA:2,0
DA:3,0
DA:4,0
DA:5,0
DA:6,0
DA:7,0
DA:8,0
LF:8
LH:0
BRDA:2,0,0,0
BRDA:2,0,1,0
BRDA:2,1,0,0
BRDA:2,1,1,0
BRF:4
BRH:0
end_of_record
TN:
SF:src\components\401Error.jsx
FN:1,(anonymous_0)
FNF:1
FNH:1
FNDA:1,(anonymous_0)
DA:1,3
DA:2,1
LF:2
LH:2
BRF:0
BRH:0
end_of_record
TN:
SF:src\components\AddEmployee.jsx
FN:7,(anonymous_0)
FN:24,(anonymous_1)
FN:25,(anonymous_2)
FN:29,(anonymous_3)
FN:37,(anonymous_4)
FN:48,(anonymous_5)
FN:59,(anonymous_6)
FN:70,(anonymous_7)
FN:82,(anonymous_8)
FN:90,(anonymous_9)
FN:100,(anonymous_10)
FN:111,(anonymous_11)
FN:122,(anonymous_12)
FN:131,(anonymous_13)
FN:140,(anonymous_14)
FN:149,(anonymous_15)
FN:160,(anonymous_16)
FNF:17
FNH:12
FNDA:75,(anonymous_0)
FNDA:1,(anonymous_1)
FNDA:0,(anonymous_2)
FNDA:0,(anonymous_3)
FNDA:1,(anonymous_4)
FNDA:7,(anonymous_5)
FNDA:3,(anonymous_6)
FNDA:1,(anonymous_7)
FNDA:0,(anonymous_8)
FNDA:0,(anonymous_9)
FNDA:10,(anonymous_10)
FNDA:10,(anonymous_11)
FNDA:16,(anonymous_12)
FNDA:9,(anonymous_13)
FNDA:0,(anonymous_14)
FNDA:7,(anonymous_15)
FNDA:10,(anonymous_16)
DA:7,1
DA:8,75
DA:9,75
DA:10,75
DA:24,74
DA:25,1
DA:26,1
DA:29,74
DA:30,0
DA:31,0
DA:32,0
DA:34,74
DA:38,1
DA:39,1
DA:49,7
DA:60,3
DA:71,1
DA:82,0
DA:90,0
DA:101,10
DA:112,10
DA:122,16
DA:131,9
DA:140,0
DA:150,7
DA:161,10
LF:26
LH:20
BRDA:11,0,0,0
BRDA:11,0,1,75
BRDA:12,1,0,0
BRDA:12,1,1,75
BRDA:13,2,0,0
BRDA:13,2,1,75
BRDA:14,3,0,0
BRDA:14,3,1,75
BRDA:15,4,0,0
BRDA:15,4,1,75
BRDA:16,5,0,0
BRDA:16,5,1,75
BRDA:17,6,0,0
BRDA:17,6,1,75
BRDA:18,7,0,0
BRDA:18,7,1,75
BRDA:19,8,0,0
BRDA:19,8,1,75
BRDA:20,9,0,0
BRDA:20,9,1,75
BRDA:21,10,0,0
BRDA:21,10,1,75
BRDA:39,11,0,0
BRDA:39,11,1,1
BRDA:165,12,0,0
BRDA:165,12,1,74
BRF:26
BRH:13
end_of_record
TN:
SF:src\components\EmployeeDetails.jsx
FN:10,ButtonRenderer
FN:11,handleClick
FN:13,(anonymous_2)
FN:20,ButtonRenderer1
FN:22,handleClick
FN:31,(anonymous_5)
FN:36,(anonymous_6)
FN:37,(anonymous_7)
FN:39,(anonymous_8)
FN:78,(anonymous_9)
FNF:10
FNH:6
FNDA:8,ButtonRenderer
FNDA:0,handleClick
FNDA:0,(anonymous_2)
FNDA:8,ButtonRenderer1
FNDA:0,handleClick
FNDA:5,(anonymous_5)
FNDA:3,(anonymous_6)
FNDA:3,(anonymous_7)
FNDA:6,(anonymous_8)
FNDA:0,(anonymous_9)
DA:12,0
DA:13,0
DA:14,0
DA:17,8
DA:21,8
DA:23,0
DA:24,0
DA:25,0
DA:28,8
DA:31,1
DA:32,5
DA:33,5
DA:34,5
DA:36,5
DA:37,3
DA:38,3
DA:39,3
DA:40,6
DA:45,3
DA:49,5
DA:75,5
DA:76,5
DA:78,0
LF:23
LH:16
BRF:0
BRH:0
end_of_record
TN:
SF:src\components\ErrorBoundary.jsx
FN:5,(anonymous_0)
FN:10,(anonymous_1)
FN:14,(anonymous_2)
FN:18,(anonymous_3)
FNF:4
FNH:4
FNDA:4,(anonymous_0)
FNDA:2,(anonymous_1)
FNDA:1,(anonymous_2)
FNDA:5,(anonymous_3)
DA:6,4
DA:7,3
DA:11,2
DA:14,3
DA:15,1
DA:19,5
DA:20,2
DA:22,3
LF:8
LH:8
BRDA:19,0,0,2
BRDA:19,0,1,3
BRF:2
BRH:2
end_of_record
TN:
SF:src\components\ErrorPage.jsx
FN:1,(anonymous_0)
FNF:1
FNH:1
FNDA:3,(anonymous_0)
DA:1,2
DA:2,3
LF:2
LH:2
BRF:0
BRH:0
end_of_record
TN:
SF:src\components\Login.jsx
FN:11,(anonymous_0)
FN:16,(anonymous_1)
FN:18,(anonymous_2)
FN:33,(anonymous_3)
FN:44,(anonymous_4)
FN:51,(anonymous_5)
FNF:6
FNH:0
FNDA:0,(anonymous_0)
FNDA:0,(anonymous_1)
FNDA:0,(anonymous_2)
FNDA:0,(anonymous_3)
FNDA:0,(anonymous_4)
FNDA:0,(anonymous_5)
DA:11,1
DA:12,0
DA:13,0
DA:14,0
DA:16,0
DA:17,0
DA:18,0
DA:19,0
DA:20,0
DA:21,0
DA:26,0
DA:34,0
DA:35,0
DA:44,0
DA:51,0
LF:15
LH:1
BRDA:19,0,0,0
BRDA:19,0,1,0
BRF:2
BRH:0
end_of_record
TN:
SF:src\utils\HOC.js
FN:3,(anonymous_0)
FN:4,(anonymous_1)
FNF:2
FNH:2
FNDA:2,(anonymous_0)
FNDA:5,(anonymous_1)
DA:3,2
DA:4,2
DA:5,5
DA:9,5
LF:4
LH:4
BRF:0
BRH:0
end_of_record
TN:
SF:src\utils\firebase-config.js
FNF:0
FNH:0
DA:18,3
DA:39,3
DA:41,3
DA:43,3
LF:4
LH:4
BRF:0
BRH:0
end_of_record
